#
# There is insufficient memory for the Java Runtime Environment to continue.
# Native memory allocation (malloc) failed to allocate 208496 bytes for Chunk::new
# Possible reasons:
#   The system is out of physical RAM or swap space
#   The process is running with CompressedOops enabled, and the Java Heap may be blocking the growth of the native heap
# Possible solutions:
#   Reduce memory load on the system
#   Increase physical memory or swap space
#   Check if swap backing store is full
#   Decrease Java heap size (-Xmx/-Xms)
#   Decrease number of Java threads
#   Decrease Java thread stack sizes (-Xss)
#   Set larger code cache with -XX:ReservedCodeCacheSize=
#   JVM is running with Unscaled Compressed Oops mode in which the Java heap is
#     placed in the first 4GB address space. The Java Heap base address is the
#     maximum limit for the native heap growth. Please use -XX:HeapBaseMinAddress
#     to set the Java Heap base and to place the Java Heap above 4GB virtual address.
# This output file may be truncated or incomplete.
#
#  Out of Memory Error (./open/src/hotspot/share/memory/arena.cpp:197), pid=2008, tid=36584
#
# JRE version: Java(TM) SE Runtime Environment 18.9 (11.0.8+10) (build 11.0.8+10-LTS)
# Java VM: Java HotSpot(TM) 64-Bit Server VM 18.9 (11.0.8+10-LTS, mixed mode, tiered, compressed oops, g1 gc, windows-amd64)
# No core dump will be written. Minidumps are not enabled by default on client versions of Windows
#

---------------  S U M M A R Y ------------

Command Line: -Dfile.encoding=x-windows-949 -Duser.country=KR -Duser.language=ko -Duser.variant com.euntaek.spring_board.SpringBoardApplication

Host: Intel(R) Core(TM) i5-7200U CPU @ 2.50GHz, 4 cores, 7G,  Windows 10 , 64 bit Build 19041 (10.0.19041.292)
Time: Sat Aug 22 15:45:05 2020 대한민국 표준시 elapsed time: 1 seconds (0d 0h 0m 1s)

---------------  T H R E A D  ---------------

Current thread (0x000001e7077c0800):  JavaThread "C2 CompilerThread0" daemon [_thread_in_native, id=36584, stack(0x000000e5ff300000,0x000000e5ff400000)]


Current CompileTask:
C2:   1172 1310       4       java.lang.invoke.LambdaForm$Name::replaceNames (174 bytes)

Stack: [0x000000e5ff300000,0x000000e5ff400000]
Native frames: (J=compiled Java code, j=interpreted, Vv=VM code, C=native code)
V  [jvm.dll+0x601aea]
V  [jvm.dll+0x737fef]
V  [jvm.dll+0x739675]
V  [jvm.dll+0x739cf3]
V  [jvm.dll+0x242848]
V  [jvm.dll+0xb999c]
V  [jvm.dll+0xb9f2c]
V  [jvm.dll+0x3441a7]
V  [jvm.dll+0x193099]
V  [jvm.dll+0x1fc3f2]
V  [jvm.dll+0x1fb49f]
V  [jvm.dll+0x17e0fc]
V  [jvm.dll+0x20aaa4]
V  [jvm.dll+0x208b7b]
V  [jvm.dll+0x6ff90c]
V  [jvm.dll+0x6f845c]
V  [jvm.dll+0x600d66]
C  [ucrtbase.dll+0x21542]
C  [KERNEL32.DLL+0x16fd4]
C  [ntdll.dll+0x4cec1]


---------------  P R O C E S S  ---------------

Threads class SMR info:
_java_thread_list=0x000001e708286f50, length=11, elements={
0x000001e767358000, 0x000001e707794800, 0x000001e707795800, 0x000001e7080b3000,
0x000001e7077bf800, 0x000001e7077c0800, 0x000001e7080b6800, 0x000001e7080c9800,
0x000001e708233000, 0x000001e70823e000, 0x000001e7083ea800
}

Java Threads: ( => current thread )
  0x000001e767358000 JavaThread "main" [_thread_in_Java, id=31100, stack(0x000000e5fe800000,0x000000e5fe900000)]
  0x000001e707794800 JavaThread "Reference Handler" daemon [_thread_blocked, id=34632, stack(0x000000e5fef00000,0x000000e5ff000000)]
  0x000001e707795800 JavaThread "Finalizer" daemon [_thread_blocked, id=228, stack(0x000000e5ff000000,0x000000e5ff100000)]
  0x000001e7080b3000 JavaThread "Signal Dispatcher" daemon [_thread_blocked, id=36460, stack(0x000000e5ff100000,0x000000e5ff200000)]
  0x000001e7077bf800 JavaThread "Attach Listener" daemon [_thread_blocked, id=35416, stack(0x000000e5ff200000,0x000000e5ff300000)]
=>0x000001e7077c0800 JavaThread "C2 CompilerThread0" daemon [_thread_in_native, id=36584, stack(0x000000e5ff300000,0x000000e5ff400000)]
  0x000001e7080b6800 JavaThread "C1 CompilerThread0" daemon [_thread_blocked, id=35584, stack(0x000000e5ff400000,0x000000e5ff500000)]
  0x000001e7080c9800 JavaThread "Sweeper thread" daemon [_thread_blocked, id=34744, stack(0x000000e5ff500000,0x000000e5ff600000)]
  0x000001e708233000 JavaThread "Service Thread" daemon [_thread_blocked, id=35596, stack(0x000000e5ff600000,0x000000e5ff700000)]
  0x000001e70823e000 JavaThread "Common-Cleaner" daemon [_thread_blocked, id=28652, stack(0x000000e5ff800000,0x000000e5ff900000)]
  0x000001e7083ea800 JavaThread "C2 CompilerThread1" daemon [_thread_blocked, id=34888, stack(0x000000e5ff900000,0x000000e5ffa00000)]

Other Threads:
  0x000001e70776e800 VMThread "VM Thread" [stack: 0x000000e5fee00000,0x000000e5fef00000] [id=19972]
  0x000001e708232000 WatcherThread [stack: 0x000000e5ff700000,0x000000e5ff800000] [id=4880]
  0x000001e767370800 GCTaskThread "GC Thread#0" [stack: 0x000000e5fe900000,0x000000e5fea00000] [id=35892]
  0x000001e708933800 GCTaskThread "GC Thread#1" [stack: 0x000000e5ffa00000,0x000000e5ffb00000] [id=30580]
  0x000001e708ef0800 GCTaskThread "GC Thread#2" [stack: 0x000000e5ffb00000,0x000000e5ffc00000] [id=30356]
  0x000001e7673a1800 ConcurrentGCThread "G1 Main Marker" [stack: 0x000000e5fea00000,0x000000e5feb00000] [id=22896]
  0x000001e7673a3000 ConcurrentGCThread "G1 Conc#0" [stack: 0x000000e5feb00000,0x000000e5fec00000] [id=31600]
  0x000001e7075e0800 ConcurrentGCThread "G1 Refine#0" [stack: 0x000000e5fec00000,0x000000e5fed00000] [id=19544]
  0x000001e7075e1800 ConcurrentGCThread "G1 Young RemSet Sampling" [stack: 0x000000e5fed00000,0x000000e5fee00000] [id=32120]

Threads with active compile tasks:
C2 CompilerThread0   1200 1310       4       java.lang.invoke.LambdaForm$Name::replaceNames (174 bytes)

VM state:not at safepoint (normal execution)

VM Mutex/Monitor currently owned by a thread: None

Heap address: 0x0000000081400000, size: 2028 MB, Compressed Oops mode: 32-bit
Narrow klass base: 0x0000000000000000, Narrow klass shift: 3
Compressed class space size: 1073741824 Address: 0x0000000100000000

Heap:
 garbage-first heap   total 131072K, used 17890K [0x0000000081400000, 0x0000000100000000)
  region size 1024K, 13 young (13312K), 1 survivors (1024K)
 Metaspace       used 15027K, capacity 15432K, committed 15616K, reserved 1062912K
  class space    used 1573K, capacity 1712K, committed 1792K, reserved 1048576K
Heap Regions: E=young(eden), S=young(survivor), O=old, HS=humongous(starts), HC=humongous(continues), CS=collection set, F=free, A=archive, TAMS=top-at-mark-start (previous, next)
|   0|0x0000000081400000, 0x0000000081500000, 0x0000000081500000|100%|HS|  |TAMS 0x0000000081400000, 0x0000000081400000| Complete 
|   1|0x0000000081500000, 0x0000000081600000, 0x0000000081600000|100%| O|  |TAMS 0x0000000081500000, 0x0000000081500000| Untracked 
|   2|0x0000000081600000, 0x0000000081700000, 0x0000000081700000|100%| O|  |TAMS 0x0000000081600000, 0x0000000081600000| Untracked 
|   3|0x0000000081700000, 0x0000000081800000, 0x0000000081800000|100%| O|  |TAMS 0x0000000081700000, 0x0000000081700000| Untracked 
|   4|0x0000000081800000, 0x0000000081900000, 0x0000000081900000|100%| O|  |TAMS 0x0000000081800000, 0x0000000081800000| Untracked 
|   5|0x0000000081900000, 0x00000000819e1a00, 0x0000000081a00000| 88%| O|  |TAMS 0x0000000081900000, 0x0000000081900000| Untracked 
|   6|0x0000000081a00000, 0x0000000081a00000, 0x0000000081b00000|  0%| F|  |TAMS 0x0000000081a00000, 0x0000000081a00000| Untracked 
|   7|0x0000000081b00000, 0x0000000081b00000, 0x0000000081c00000|  0%| F|  |TAMS 0x0000000081b00000, 0x0000000081b00000| Untracked 
|   8|0x0000000081c00000, 0x0000000081c00000, 0x0000000081d00000|  0%| F|  |TAMS 0x0000000081c00000, 0x0000000081c00000| Untracked 
|   9|0x0000000081d00000, 0x0000000081d00000, 0x0000000081e00000|  0%| F|  |TAMS 0x0000000081d00000, 0x0000000081d00000| Untracked 
|  10|0x0000000081e00000, 0x0000000081e00000, 0x0000000081f00000|  0%| F|  |TAMS 0x0000000081e00000, 0x0000000081e00000| Untracked 
|  11|0x0000000081f00000, 0x0000000081f00000, 0x0000000082000000|  0%| F|  |TAMS 0x0000000081f00000, 0x0000000081f00000| Untracked 
|  12|0x0000000082000000, 0x0000000082000000, 0x0000000082100000|  0%| F|  |TAMS 0x0000000082000000, 0x0000000082000000| Untracked 
|  13|0x0000000082100000, 0x0000000082100000, 0x0000000082200000|  0%| F|  |TAMS 0x0000000082100000, 0x0000000082100000| Untracked 
|  14|0x0000000082200000, 0x0000000082200000, 0x0000000082300000|  0%| F|  |TAMS 0x0000000082200000, 0x0000000082200000| Untracked 
|  15|0x0000000082300000, 0x0000000082300000, 0x0000000082400000|  0%| F|  |TAMS 0x0000000082300000, 0x0000000082300000| Untracked 
|  16|0x0000000082400000, 0x0000000082400000, 0x0000000082500000|  0%| F|  |TAMS 0x0000000082400000, 0x0000000082400000| Untracked 
|  17|0x0000000082500000, 0x0000000082500000, 0x0000000082600000|  0%| F|  |TAMS 0x0000000082500000, 0x0000000082500000| Untracked 
|  18|0x0000000082600000, 0x0000000082600000, 0x0000000082700000|  0%| F|  |TAMS 0x0000000082600000, 0x0000000082600000| Untracked 
|  19|0x0000000082700000, 0x0000000082700000, 0x0000000082800000|  0%| F|  |TAMS 0x0000000082700000, 0x0000000082700000| Untracked 
|  20|0x0000000082800000, 0x0000000082800000, 0x0000000082900000|  0%| F|  |TAMS 0x0000000082800000, 0x0000000082800000| Untracked 
|  21|0x0000000082900000, 0x0000000082900000, 0x0000000082a00000|  0%| F|  |TAMS 0x0000000082900000, 0x0000000082900000| Untracked 
|  22|0x0000000082a00000, 0x0000000082a00000, 0x0000000082b00000|  0%| F|  |TAMS 0x0000000082a00000, 0x0000000082a00000| Untracked 
|  23|0x0000000082b00000, 0x0000000082b00000, 0x0000000082c00000|  0%| F|  |TAMS 0x0000000082b00000, 0x0000000082b00000| Untracked 
|  24|0x0000000082c00000, 0x0000000082c00000, 0x0000000082d00000|  0%| F|  |TAMS 0x0000000082c00000, 0x0000000082c00000| Untracked 
|  25|0x0000000082d00000, 0x0000000082d00000, 0x0000000082e00000|  0%| F|  |TAMS 0x0000000082d00000, 0x0000000082d00000| Untracked 
|  26|0x0000000082e00000, 0x0000000082e00000, 0x0000000082f00000|  0%| F|  |TAMS 0x0000000082e00000, 0x0000000082e00000| Untracked 
|  27|0x0000000082f00000, 0x0000000082f00000, 0x0000000083000000|  0%| F|  |TAMS 0x0000000082f00000, 0x0000000082f00000| Untracked 
|  28|0x0000000083000000, 0x0000000083000000, 0x0000000083100000|  0%| F|  |TAMS 0x0000000083000000, 0x0000000083000000| Untracked 
|  29|0x0000000083100000, 0x0000000083100000, 0x0000000083200000|  0%| F|  |TAMS 0x0000000083100000, 0x0000000083100000| Untracked 
|  30|0x0000000083200000, 0x0000000083200000, 0x0000000083300000|  0%| F|  |TAMS 0x0000000083200000, 0x0000000083200000| Untracked 
|  31|0x0000000083300000, 0x0000000083300000, 0x0000000083400000|  0%| F|  |TAMS 0x0000000083300000, 0x0000000083300000| Untracked 
|  32|0x0000000083400000, 0x0000000083400000, 0x0000000083500000|  0%| F|  |TAMS 0x0000000083400000, 0x0000000083400000| Untracked 
|  33|0x0000000083500000, 0x0000000083500000, 0x0000000083600000|  0%| F|  |TAMS 0x0000000083500000, 0x0000000083500000| Untracked 
|  34|0x0000000083600000, 0x0000000083600000, 0x0000000083700000|  0%| F|  |TAMS 0x0000000083600000, 0x0000000083600000| Untracked 
|  35|0x0000000083700000, 0x0000000083700000, 0x0000000083800000|  0%| F|  |TAMS 0x0000000083700000, 0x0000000083700000| Untracked 
|  36|0x0000000083800000, 0x0000000083800000, 0x0000000083900000|  0%| F|  |TAMS 0x0000000083800000, 0x0000000083800000| Untracked 
|  37|0x0000000083900000, 0x0000000083900000, 0x0000000083a00000|  0%| F|  |TAMS 0x0000000083900000, 0x0000000083900000| Untracked 
|  38|0x0000000083a00000, 0x0000000083a00000, 0x0000000083b00000|  0%| F|  |TAMS 0x0000000083a00000, 0x0000000083a00000| Untracked 
|  39|0x0000000083b00000, 0x0000000083b00000, 0x0000000083c00000|  0%| F|  |TAMS 0x0000000083b00000, 0x0000000083b00000| Untracked 
|  40|0x0000000083c00000, 0x0000000083c00000, 0x0000000083d00000|  0%| F|  |TAMS 0x0000000083c00000, 0x0000000083c00000| Untracked 
|  41|0x0000000083d00000, 0x0000000083d00000, 0x0000000083e00000|  0%| F|  |TAMS 0x0000000083d00000, 0x0000000083d00000| Untracked 
|  42|0x0000000083e00000, 0x0000000083e00000, 0x0000000083f00000|  0%| F|  |TAMS 0x0000000083e00000, 0x0000000083e00000| Untracked 
|  43|0x0000000083f00000, 0x0000000083f00000, 0x0000000084000000|  0%| F|  |TAMS 0x0000000083f00000, 0x0000000083f00000| Untracked 
|  44|0x0000000084000000, 0x0000000084000000, 0x0000000084100000|  0%| F|  |TAMS 0x0000000084000000, 0x0000000084000000| Untracked 
|  45|0x0000000084100000, 0x0000000084100000, 0x0000000084200000|  0%| F|  |TAMS 0x0000000084100000, 0x0000000084100000| Untracked 
|  46|0x0000000084200000, 0x0000000084200000, 0x0000000084300000|  0%| F|  |TAMS 0x0000000084200000, 0x0000000084200000| Untracked 
|  47|0x0000000084300000, 0x0000000084300000, 0x0000000084400000|  0%| F|  |TAMS 0x0000000084300000, 0x0000000084300000| Untracked 
|  48|0x0000000084400000, 0x0000000084400000, 0x0000000084500000|  0%| F|  |TAMS 0x0000000084400000, 0x0000000084400000| Untracked 
|  49|0x0000000084500000, 0x0000000084500000, 0x0000000084600000|  0%| F|  |TAMS 0x0000000084500000, 0x0000000084500000| Untracked 
|  50|0x0000000084600000, 0x0000000084600000, 0x0000000084700000|  0%| F|  |TAMS 0x0000000084600000, 0x0000000084600000| Untracked 
|  51|0x0000000084700000, 0x0000000084700000, 0x0000000084800000|  0%| F|  |TAMS 0x0000000084700000, 0x0000000084700000| Untracked 
|  52|0x0000000084800000, 0x0000000084800000, 0x0000000084900000|  0%| F|  |TAMS 0x0000000084800000, 0x0000000084800000| Untracked 
|  53|0x0000000084900000, 0x0000000084900000, 0x0000000084a00000|  0%| F|  |TAMS 0x0000000084900000, 0x0000000084900000| Untracked 
|  54|0x0000000084a00000, 0x0000000084a00000, 0x0000000084b00000|  0%| F|  |TAMS 0x0000000084a00000, 0x0000000084a00000| Untracked 
|  55|0x0000000084b00000, 0x0000000084b00000, 0x0000000084c00000|  0%| F|  |TAMS 0x0000000084b00000, 0x0000000084b00000| Untracked 
|  56|0x0000000084c00000, 0x0000000084c00000, 0x0000000084d00000|  0%| F|  |TAMS 0x0000000084c00000, 0x0000000084c00000| Untracked 
|  57|0x0000000084d00000, 0x0000000084d00000, 0x0000000084e00000|  0%| F|  |TAMS 0x0000000084d00000, 0x0000000084d00000| Untracked 
|  58|0x0000000084e00000, 0x0000000084e00000, 0x0000000084f00000|  0%| F|  |TAMS 0x0000000084e00000, 0x0000000084e00000| Untracked 
|  59|0x0000000084f00000, 0x0000000084f00000, 0x0000000085000000|  0%| F|  |TAMS 0x0000000084f00000, 0x0000000084f00000| Untracked 
|  60|0x0000000085000000, 0x0000000085000000, 0x0000000085100000|  0%| F|  |TAMS 0x0000000085000000, 0x0000000085000000| Untracked 
|  61|0x0000000085100000, 0x0000000085100000, 0x0000000085200000|  0%| F|  |TAMS 0x0000000085100000, 0x0000000085100000| Untracked 
|  62|0x0000000085200000, 0x0000000085200000, 0x0000000085300000|  0%| F|  |TAMS 0x0000000085200000, 0x0000000085200000| Untracked 
|  63|0x0000000085300000, 0x0000000085300000, 0x0000000085400000|  0%| F|  |TAMS 0x0000000085300000, 0x0000000085300000| Untracked 
|  64|0x0000000085400000, 0x0000000085400000, 0x0000000085500000|  0%| F|  |TAMS 0x0000000085400000, 0x0000000085400000| Untracked 
|  65|0x0000000085500000, 0x0000000085500000, 0x0000000085600000|  0%| F|  |TAMS 0x0000000085500000, 0x0000000085500000| Untracked 
|  66|0x0000000085600000, 0x0000000085600000, 0x0000000085700000|  0%| F|  |TAMS 0x0000000085600000, 0x0000000085600000| Untracked 
|  67|0x0000000085700000, 0x0000000085700000, 0x0000000085800000|  0%| F|  |TAMS 0x0000000085700000, 0x0000000085700000| Untracked 
|  68|0x0000000085800000, 0x0000000085800000, 0x0000000085900000|  0%| F|  |TAMS 0x0000000085800000, 0x0000000085800000| Untracked 
|  69|0x0000000085900000, 0x0000000085900000, 0x0000000085a00000|  0%| F|  |TAMS 0x0000000085900000, 0x0000000085900000| Untracked 
|  70|0x0000000085a00000, 0x0000000085a00000, 0x0000000085b00000|  0%| F|  |TAMS 0x0000000085a00000, 0x0000000085a00000| Untracked 
|  71|0x0000000085b00000, 0x0000000085b00000, 0x0000000085c00000|  0%| F|  |TAMS 0x0000000085b00000, 0x0000000085b00000| Untracked 
|  72|0x0000000085c00000, 0x0000000085c00000, 0x0000000085d00000|  0%| F|  |TAMS 0x0000000085c00000, 0x0000000085c00000| Untracked 
|  73|0x0000000085d00000, 0x0000000085d00000, 0x0000000085e00000|  0%| F|  |TAMS 0x0000000085d00000, 0x0000000085d00000| Untracked 
|  74|0x0000000085e00000, 0x0000000085e00000, 0x0000000085f00000|  0%| F|  |TAMS 0x0000000085e00000, 0x0000000085e00000| Untracked 
|  75|0x0000000085f00000, 0x0000000085f00000, 0x0000000086000000|  0%| F|  |TAMS 0x0000000085f00000, 0x0000000085f00000| Untracked 
|  76|0x0000000086000000, 0x0000000086000000, 0x0000000086100000|  0%| F|  |TAMS 0x0000000086000000, 0x0000000086000000| Untracked 
|  77|0x0000000086100000, 0x0000000086100000, 0x0000000086200000|  0%| F|  |TAMS 0x0000000086100000, 0x0000000086100000| Untracked 
|  78|0x0000000086200000, 0x0000000086200000, 0x0000000086300000|  0%| F|  |TAMS 0x0000000086200000, 0x0000000086200000| Untracked 
|  79|0x0000000086300000, 0x0000000086300000, 0x0000000086400000|  0%| F|  |TAMS 0x0000000086300000, 0x0000000086300000| Untracked 
|  80|0x0000000086400000, 0x0000000086400000, 0x0000000086500000|  0%| F|  |TAMS 0x0000000086400000, 0x0000000086400000| Untracked 
|  81|0x0000000086500000, 0x0000000086500000, 0x0000000086600000|  0%| F|  |TAMS 0x0000000086500000, 0x0000000086500000| Untracked 
|  82|0x0000000086600000, 0x0000000086600000, 0x0000000086700000|  0%| F|  |TAMS 0x0000000086600000, 0x0000000086600000| Untracked 
|  83|0x0000000086700000, 0x0000000086700000, 0x0000000086800000|  0%| F|  |TAMS 0x0000000086700000, 0x0000000086700000| Untracked 
|  84|0x0000000086800000, 0x0000000086800000, 0x0000000086900000|  0%| F|  |TAMS 0x0000000086800000, 0x0000000086800000| Untracked 
|  85|0x0000000086900000, 0x0000000086900000, 0x0000000086a00000|  0%| F|  |TAMS 0x0000000086900000, 0x0000000086900000| Untracked 
|  86|0x0000000086a00000, 0x0000000086a00000, 0x0000000086b00000|  0%| F|  |TAMS 0x0000000086a00000, 0x0000000086a00000| Untracked 
|  87|0x0000000086b00000, 0x0000000086b00000, 0x0000000086c00000|  0%| F|  |TAMS 0x0000000086b00000, 0x0000000086b00000| Untracked 
|  88|0x0000000086c00000, 0x0000000086c00000, 0x0000000086d00000|  0%| F|  |TAMS 0x0000000086c00000, 0x0000000086c00000| Untracked 
|  89|0x0000000086d00000, 0x0000000086d00000, 0x0000000086e00000|  0%| F|  |TAMS 0x0000000086d00000, 0x0000000086d00000| Untracked 
|  90|0x0000000086e00000, 0x0000000086e00000, 0x0000000086f00000|  0%| F|  |TAMS 0x0000000086e00000, 0x0000000086e00000| Untracked 
|  91|0x0000000086f00000, 0x0000000086f00000, 0x0000000087000000|  0%| F|  |TAMS 0x0000000086f00000, 0x0000000086f00000| Untracked 
|  92|0x0000000087000000, 0x0000000087000000, 0x0000000087100000|  0%| F|  |TAMS 0x0000000087000000, 0x0000000087000000| Untracked 
|  93|0x0000000087100000, 0x0000000087100000, 0x0000000087200000|  0%| F|  |TAMS 0x0000000087100000, 0x0000000087100000| Untracked 
|  94|0x0000000087200000, 0x0000000087200000, 0x0000000087300000|  0%| F|  |TAMS 0x0000000087200000, 0x0000000087200000| Untracked 
|  95|0x0000000087300000, 0x0000000087300000, 0x0000000087400000|  0%| F|  |TAMS 0x0000000087300000, 0x0000000087300000| Untracked 
|  96|0x0000000087400000, 0x0000000087400000, 0x0000000087500000|  0%| F|  |TAMS 0x0000000087400000, 0x0000000087400000| Untracked 
|  97|0x0000000087500000, 0x0000000087500000, 0x0000000087600000|  0%| F|  |TAMS 0x0000000087500000, 0x0000000087500000| Untracked 
|  98|0x0000000087600000, 0x0000000087600000, 0x0000000087700000|  0%| F|  |TAMS 0x0000000087600000, 0x0000000087600000| Untracked 
|  99|0x0000000087700000, 0x0000000087700000, 0x0000000087800000|  0%| F|  |TAMS 0x0000000087700000, 0x0000000087700000| Untracked 
| 100|0x0000000087800000, 0x0000000087800000, 0x0000000087900000|  0%| F|  |TAMS 0x0000000087800000, 0x0000000087800000| Untracked 
| 101|0x0000000087900000, 0x0000000087900000, 0x0000000087a00000|  0%| F|  |TAMS 0x0000000087900000, 0x0000000087900000| Untracked 
| 102|0x0000000087a00000, 0x0000000087a00000, 0x0000000087b00000|  0%| F|  |TAMS 0x0000000087a00000, 0x0000000087a00000| Untracked 
| 103|0x0000000087b00000, 0x0000000087b00000, 0x0000000087c00000|  0%| F|  |TAMS 0x0000000087b00000, 0x0000000087b00000| Untracked 
| 104|0x0000000087c00000, 0x0000000087c00000, 0x0000000087d00000|  0%| F|  |TAMS 0x0000000087c00000, 0x0000000087c00000| Untracked 
| 105|0x0000000087d00000, 0x0000000087d00000, 0x0000000087e00000|  0%| F|  |TAMS 0x0000000087d00000, 0x0000000087d00000| Untracked 
| 106|0x0000000087e00000, 0x0000000087e00000, 0x0000000087f00000|  0%| F|  |TAMS 0x0000000087e00000, 0x0000000087e00000| Untracked 
| 107|0x0000000087f00000, 0x0000000087f00000, 0x0000000088000000|  0%| F|  |TAMS 0x0000000087f00000, 0x0000000087f00000| Untracked 
| 108|0x0000000088000000, 0x0000000088000000, 0x0000000088100000|  0%| F|  |TAMS 0x0000000088000000, 0x0000000088000000| Untracked 
| 109|0x0000000088100000, 0x0000000088100000, 0x0000000088200000|  0%| F|  |TAMS 0x0000000088100000, 0x0000000088100000| Untracked 
| 110|0x0000000088200000, 0x0000000088200000, 0x0000000088300000|  0%| F|  |TAMS 0x0000000088200000, 0x0000000088200000| Untracked 
| 111|0x0000000088300000, 0x0000000088300000, 0x0000000088400000|  0%| F|  |TAMS 0x0000000088300000, 0x0000000088300000| Untracked 
| 112|0x0000000088400000, 0x0000000088400000, 0x0000000088500000|  0%| F|  |TAMS 0x0000000088400000, 0x0000000088400000| Untracked 
| 113|0x0000000088500000, 0x0000000088500000, 0x0000000088600000|  0%| F|  |TAMS 0x0000000088500000, 0x0000000088500000| Untracked 
| 114|0x0000000088600000, 0x0000000088680800, 0x0000000088700000| 50%| E|  |TAMS 0x0000000088600000, 0x0000000088600000| Complete 
| 115|0x0000000088700000, 0x0000000088800000, 0x0000000088800000|100%| E|CS|TAMS 0x0000000088700000, 0x0000000088700000| Complete 
| 116|0x0000000088800000, 0x0000000088900000, 0x0000000088900000|100%| E|CS|TAMS 0x0000000088800000, 0x0000000088800000| Complete 
| 117|0x0000000088900000, 0x0000000088a00000, 0x0000000088a00000|100%| E|CS|TAMS 0x0000000088900000, 0x0000000088900000| Complete 
| 118|0x0000000088a00000, 0x0000000088b00000, 0x0000000088b00000|100%| E|CS|TAMS 0x0000000088a00000, 0x0000000088a00000| Complete 
| 119|0x0000000088b00000, 0x0000000088b971a0, 0x0000000088c00000| 59%| S|CS|TAMS 0x0000000088b00000, 0x0000000088b00000| Complete 
| 120|0x0000000088c00000, 0x0000000088d00000, 0x0000000088d00000|100%| E|CS|TAMS 0x0000000088c00000, 0x0000000088c00000| Complete 
| 121|0x0000000088d00000, 0x0000000088e00000, 0x0000000088e00000|100%| E|CS|TAMS 0x0000000088d00000, 0x0000000088d00000| Complete 
| 122|0x0000000088e00000, 0x0000000088f00000, 0x0000000088f00000|100%| E|CS|TAMS 0x0000000088e00000, 0x0000000088e00000| Complete 
| 123|0x0000000088f00000, 0x0000000089000000, 0x0000000089000000|100%| E|CS|TAMS 0x0000000088f00000, 0x0000000088f00000| Complete 
| 124|0x0000000089000000, 0x0000000089100000, 0x0000000089100000|100%| E|CS|TAMS 0x0000000089000000, 0x0000000089000000| Complete 
| 125|0x0000000089100000, 0x0000000089200000, 0x0000000089200000|100%| E|CS|TAMS 0x0000000089100000, 0x0000000089100000| Complete 
| 126|0x0000000089200000, 0x0000000089300000, 0x0000000089300000|100%| E|CS|TAMS 0x0000000089200000, 0x0000000089200000| Complete 
| 127|0x0000000089300000, 0x0000000089400000, 0x0000000089400000|100%| E|CS|TAMS 0x0000000089300000, 0x0000000089300000| Complete 

Card table byte_map: [0x000001e700a30000,0x000001e700e30000] _byte_map_base: 0x000001e700626000

Marking Bits (Prev, Next): (CMBitMap*) 0x000001e767398ea8, (CMBitMap*) 0x000001e767398ee0
 Prev Bits: [0x000001e701230000, 0x000001e7031e0000)
 Next Bits: [0x000001e7031e0000, 0x000001e705190000)

Polling page: 0x000001e767430000

Metaspace:

Usage:
  Non-class:     13.46 MB capacity,    13.19 MB ( 98%) used,   239.63 KB (  2%) free+waste,    33.31 KB ( <1%) overhead. 
      Class:      1.67 MB capacity,     1.55 MB ( 92%) used,   112.05 KB (  7%) free+waste,    16.63 KB ( <1%) overhead. 
       Both:     15.13 MB capacity,    14.74 MB ( 97%) used,   351.69 KB (  2%) free+waste,    49.94 KB ( <1%) overhead. 

Virtual space:
  Non-class space:       14.00 MB reserved,      13.50 MB ( 96%) committed 
      Class space:        1.00 GB reserved,       1.75 MB ( <1%) committed 
             Both:        1.01 GB reserved,      15.25 MB (  1%) committed 

Chunk freelists:
   Non-Class:  5.00 KB
       Class:  2.00 KB
        Both:  7.00 KB

CodeHeap 'non-profiled nmethods': size=120064Kb used=464Kb max_used=464Kb free=119599Kb
 bounds [0x000001e778a20000, 0x000001e778c90000, 0x000001e77ff60000]
CodeHeap 'profiled nmethods': size=120000Kb used=2602Kb max_used=2602Kb free=117397Kb
 bounds [0x000001e7714f0000, 0x000001e771780000, 0x000001e778a20000]
CodeHeap 'non-nmethods': size=5696Kb used=1102Kb max_used=1118Kb free=4594Kb
 bounds [0x000001e770f60000, 0x000001e7711d0000, 0x000001e7714f0000]
 total_blobs=1778 nmethods=1367 adapters=323
 compilation: enabled
              stopped_count=0, restarted_count=0
 full_count=0

Compilation events (10 events):
Event: 1.158 Thread 0x000001e7080b6800 nmethod 1344 0x000001e77176e790 code [0x000001e77176e940, 0x000001e77176ec70]
Event: 1.159 Thread 0x000001e7080b6800 1345       3       java.lang.StringBuilder::length (5 bytes)
Event: 1.159 Thread 0x000001e7080b6800 nmethod 1345 0x000001e77176ed90 code [0x000001e77176ef40, 0x000001e77176f0b8]
Event: 1.160 Thread 0x000001e7080b6800 1346       3       java.util.Collections$UnmodifiableMap::get (11 bytes)
Event: 1.160 Thread 0x000001e7083ea800 nmethod 1291 0x000001e778a8fa90 code [0x000001e778a8fca0, 0x000001e778a911b0]
Event: 1.160 Thread 0x000001e7080b6800 nmethod 1346 0x000001e77176f190 code [0x000001e77176f340, 0x000001e77176f570]
Event: 1.160 Thread 0x000001e7083ea800 1320       4       java.lang.invoke.MethodType::hashCode (53 bytes)
Event: 1.160 Thread 0x000001e7080b6800 1347       3       java.util.regex.Pattern$$Lambda$33/0x00000001000d2440::is (9 bytes)
Event: 1.160 Thread 0x000001e7080b6800 nmethod 1347 0x000001e77176f610 code [0x000001e77176f7c0, 0x000001e77176f9d8]
Event: 1.161 Thread 0x000001e7080b6800 1348   !   3       jdk.internal.loader.BuiltinClassLoader::findResource (154 bytes)

GC Heap History (4 events):
Event: 0.629 GC heap before
{Heap before GC invocations=0 (full 0):
 garbage-first heap   total 131072K, used 14336K [0x0000000081400000, 0x0000000100000000)
  region size 1024K, 14 young (14336K), 0 survivors (0K)
 Metaspace       used 8977K, capacity 9148K, committed 9344K, reserved 1058816K
  class space    used 800K, capacity 836K, committed 896K, reserved 1048576K
}
Event: 0.637 GC heap after
{Heap after GC invocations=1 (full 0):
 garbage-first heap   total 131072K, used 5965K [0x0000000081400000, 0x0000000100000000)
  region size 1024K, 2 young (2048K), 2 survivors (2048K)
 Metaspace       used 8977K, capacity 9148K, committed 9344K, reserved 1058816K
  class space    used 800K, capacity 836K, committed 896K, reserved 1048576K
}
Event: 0.867 GC heap before
{Heap before GC invocations=1 (full 0):
 garbage-first heap   total 131072K, used 14157K [0x0000000081400000, 0x0000000100000000)
  region size 1024K, 10 young (10240K), 2 survivors (2048K)
 Metaspace       used 11709K, capacity 12019K, committed 12288K, reserved 1060864K
  class space    used 1159K, capacity 1248K, committed 1280K, reserved 1048576K
}
Event: 0.870 GC heap after
{Heap after GC invocations=2 (full 0):
 garbage-first heap   total 131072K, used 6626K [0x0000000081400000, 0x0000000100000000)
  region size 1024K, 1 young (1024K), 1 survivors (1024K)
 Metaspace       used 11709K, capacity 12019K, committed 12288K, reserved 1060864K
  class space    used 1159K, capacity 1248K, committed 1280K, reserved 1048576K
}

Deoptimization events (10 events):
Event: 0.441 Thread 0x000001e767358000 Uncommon trap: reason=unstable_if action=reinterpret pc=0x000001e778a37fb8 method=java.lang.String.startsWith(Ljava/lang/String;I)Z @ 14 c2
Event: 0.446 Thread 0x000001e767358000 Uncommon trap: reason=unstable_if action=reinterpret pc=0x000001e778a3b548 method=java.io.BufferedReader.read()I @ 19 c2
Event: 0.447 Thread 0x000001e767358000 Uncommon trap: reason=unstable_if action=reinterpret pc=0x000001e778a3bbf0 method=java.io.BufferedReader.read()I @ 19 c2
Event: 0.448 Thread 0x000001e767358000 Uncommon trap: reason=unstable_if action=reinterpret pc=0x000001e778a31704 method=java.lang.StringCoding.hasNegatives([BII)Z @ 12 c2
Event: 0.448 Thread 0x000001e767358000 Uncommon trap: reason=unstable_if action=reinterpret pc=0x000001e778a2139c method=java.lang.String.charAt(I)C @ 4 c2
Event: 0.448 Thread 0x000001e767358000 Uncommon trap: reason=unstable_if action=reinterpret pc=0x000001e778a37578 method=java.lang.AbstractStringBuilder.isLatin1()Z @ 10 c2
Event: 0.536 Thread 0x000001e767358000 Uncommon trap: reason=unstable_if action=reinterpret pc=0x000001e778a2a1c0 method=java.lang.StringLatin1.canEncode(I)Z @ 4 c2
Event: 0.536 Thread 0x000001e767358000 Uncommon trap: reason=unstable_if action=reinterpret pc=0x000001e778a2b1a4 method=java.lang.AbstractStringBuilder.isLatin1()Z @ 10 c2
Event: 0.549 Thread 0x000001e767358000 Uncommon trap: reason=unstable_if action=reinterpret pc=0x000001e778a27454 method=java.lang.StringLatin1.canEncode(I)Z @ 4 c2
Event: 0.589 Thread 0x000001e767358000 Uncommon trap: reason=unstable_if action=reinterpret pc=0x000001e778a29880 method=java.io.WinNTFileSystem.isSlash(C)Z @ 9 c2

Classes redefined (0 events):
No events

Internal exceptions (10 events):
Event: 1.018 Thread 0x000001e767358000 Exception <a 'java/lang/NoSuchMethodError'{0x0000000088d030e0}: java.lang.invoke.DirectMethodHandle$Holder.invokeSpecial(Ljava/lang/Object;Ljava/lang/Object;Ljava/lang/Object;Ljava/lang/Object;Ljava/lang/Object;Ljava/lang/Object;Ljava/lang/Object;I)Ljava/
Event: 1.018 Thread 0x000001e767358000 Exception <a 'java/lang/NoSuchMethodError'{0x0000000088d06ce0}: java.lang.invoke.Invokers$Holder.linkToTargetMethod(Ljava/lang/Object;Ljava/lang/Object;Ljava/lang/Object;Ljava/lang/Object;Ljava/lang/Object;ILjava/lang/Object;)Ljava/lang/Object;> (0x000000
Event: 1.030 Thread 0x000001e767358000 Exception <a 'java/lang/NoSuchMethodError'{0x0000000088d5fc70}: java.lang.invoke.DirectMethodHandle$Holder.invokeStatic(Ljava/lang/Object;Ljava/lang/Object;ILjava/lang/Object;)Ljava/lang/Object;> (0x0000000088d5fc70) thrown at [./open/src/hotspot/share/in
Event: 1.031 Thread 0x000001e767358000 Exception <a 'java/lang/NoSuchMethodError'{0x0000000088d66740}: java.lang.invoke.Invokers$Holder.linkToTargetMethod(Ljava/lang/Object;ILjava/lang/Object;Ljava/lang/Object;)Ljava/lang/Object;> (0x0000000088d66740) thrown at [./open/src/hotspot/share/interp
Event: 1.033 Thread 0x000001e767358000 Exception <a 'java/lang/NoSuchMethodError'{0x0000000088d7ed98}: java.lang.invoke.Invokers$Holder.linkToTargetMethod(Ljava/lang/Object;Ljava/lang/Object;Ljava/lang/Object;Ljava/lang/Object;Ljava/lang/Object;Ljava/lang/Object;)Ljava/lang/Object;> (0x0000000
Event: 1.036 Thread 0x000001e767358000 Exception <a 'java/lang/NoSuchMethodError'{0x0000000088d9ac28}: java.lang.invoke.DirectMethodHandle$Holder.invokeVirtual(Ljava/lang/Object;Ljava/lang/Object;)I> (0x0000000088d9ac28) thrown at [./open/src/hotspot/share/interpreter/linkResolver.cpp, line 77
Event: 1.051 Thread 0x000001e767358000 Exception <a 'java/lang/NoSuchMethodError'{0x0000000088c1f078}: java.lang.invoke.DirectMethodHandle$Holder.invokeStatic(Ljava/lang/Object;Ljava/lang/Object;Ljava/lang/Object;Ljava/lang/Object;)V> (0x0000000088c1f078) thrown at [./open/src/hotspot/share/in
Event: 1.082 Thread 0x000001e767358000 Exception <a 'java/lang/NoSuchMethodError'{0x0000000088ad2fc8}: java.lang.invoke.DirectMethodHandle$Holder.invokeStaticInit(Ljava/lang/Object;Ljava/lang/Object;)V> (0x0000000088ad2fc8) thrown at [./open/src/hotspot/share/interpreter/linkResolver.cpp, line
Event: 1.097 Thread 0x000001e767358000 Exception <a 'java/lang/NoSuchMethodError'{0x000000008890d0a8}: java.lang.invoke.DirectMethodHandle$Holder.invokeStaticInit(Ljava/lang/Object;Ljava/lang/Object;Ljava/lang/Object;)Ljava/lang/Object;> (0x000000008890d0a8) thrown at [./open/src/hotspot/share
Event: 1.098 Thread 0x000001e767358000 Exception <a 'java/lang/NoSuchMethodError'{0x0000000088915800}: java.lang.invoke.DirectMethodHandle$Holder.invokeStatic(Ljava/lang/Object;Ljava/lang/Object;Ljava/lang/Object;Ljava/lang/Object;Ljava/lang/Object;Ljava/lang/Object;)V> (0x0000000088915800) th

Events (10 events):
Event: 1.151 loading class org/springframework/boot/logging/LogFile
Event: 1.151 loading class org/springframework/boot/logging/LogFile done
Event: 1.154 loading class org/springframework/boot/logging/LoggerGroups
Event: 1.154 loading class org/springframework/boot/logging/LoggerGroups done
Event: 1.155 loading class org/springframework/boot/logging/LoggerGroups
Event: 1.155 loading class org/springframework/boot/logging/LoggerGroups done
Event: 1.156 loading class org/springframework/boot/logging/LoggerGroup
Event: 1.156 loading class org/springframework/boot/logging/LoggerGroup done
Event: 1.158 loading class org/springframework/boot/logging/LoggingInitializationContext
Event: 1.158 loading class org/springframework/boot/logging/LoggingInitializationContext done


Dynamic libraries:
0x00007ff7e0cf0000 - 0x00007ff7e0cff000 	C:\Program Files\Java\jdk-11.0.8\bin\java.exe
0x00007ffe9b250000 - 0x00007ffe9b445000 	C:\WINDOWS\SYSTEM32\ntdll.dll
0x00007ffe9ac80000 - 0x00007ffe9ad3d000 	C:\WINDOWS\System32\KERNEL32.DLL
0x00007ffe98ff0000 - 0x00007ffe992b7000 	C:\WINDOWS\System32\KERNELBASE.dll
0x00007ffe989a0000 - 0x00007ffe98aa0000 	C:\WINDOWS\System32\ucrtbase.dll
0x00007ffe90df0000 - 0x00007ffe90e08000 	C:\Program Files\Java\jdk-11.0.8\bin\jli.dll
0x00007ffe90af0000 - 0x00007ffe90b05000 	C:\Program Files\Java\jdk-11.0.8\bin\VCRUNTIME140.dll
0x00007ffe9abd0000 - 0x00007ffe9ac7a000 	C:\WINDOWS\System32\ADVAPI32.dll
0x00007ffe9ab30000 - 0x00007ffe9abce000 	C:\WINDOWS\System32\msvcrt.dll
0x00007ffe99400000 - 0x00007ffe9949b000 	C:\WINDOWS\System32\sechost.dll
0x00007ffe9ad80000 - 0x00007ffe9aea3000 	C:\WINDOWS\System32\RPCRT4.dll
0x00007ffe998b0000 - 0x00007ffe99a50000 	C:\WINDOWS\System32\USER32.dll
0x00007ffe98af0000 - 0x00007ffe98b12000 	C:\WINDOWS\System32\win32u.dll
0x00007ffe99ad0000 - 0x00007ffe99afa000 	C:\WINDOWS\System32\GDI32.dll
0x00007ffe98dd0000 - 0x00007ffe98eda000 	C:\WINDOWS\System32\gdi32full.dll
0x00007ffe98bd0000 - 0x00007ffe98c6d000 	C:\WINDOWS\System32\msvcp_win.dll
0x00007ffe897e0000 - 0x00007ffe89a7a000 	C:\WINDOWS\WinSxS\amd64_microsoft.windows.common-controls_6595b64144ccf1df_6.0.19041.1_none_b555e41d4684ddec\COMCTL32.dll
0x00007ffe8f510000 - 0x00007ffe8f51a000 	C:\WINDOWS\SYSTEM32\VERSION.dll
0x00007ffe9ad40000 - 0x00007ffe9ad70000 	C:\WINDOWS\System32\IMM32.DLL
0x00007ffe801c0000 - 0x00007ffe8025b000 	C:\Program Files\Java\jdk-11.0.8\bin\msvcp140.dll
0x00007ffe6dd30000 - 0x00007ffe6e816000 	C:\Program Files\Java\jdk-11.0.8\bin\server\jvm.dll
0x00007ffe998a0000 - 0x00007ffe998a8000 	C:\WINDOWS\System32\PSAPI.DLL
0x00007ffe83c50000 - 0x00007ffe83c77000 	C:\WINDOWS\SYSTEM32\WINMM.dll
0x00007ffe89ab0000 - 0x00007ffe89ab9000 	C:\WINDOWS\SYSTEM32\WSOCK32.dll
0x00007ffe995c0000 - 0x00007ffe9962b000 	C:\WINDOWS\System32\ws2_32.DLL
0x00007ffe97550000 - 0x00007ffe97563000 	C:\WINDOWS\SYSTEM32\kernel.appcore.dll
0x00007ffe93e40000 - 0x00007ffe93e50000 	C:\Program Files\Java\jdk-11.0.8\bin\verify.dll
0x00007ffe96f80000 - 0x00007ffe97164000 	C:\WINDOWS\SYSTEM32\DBGHELP.DLL
0x00007ffe8e550000 - 0x00007ffe8e57c000 	C:\WINDOWS\SYSTEM32\dbgcore.DLL
0x00007ffe98b50000 - 0x00007ffe98bcf000 	C:\WINDOWS\System32\bcryptPrimitives.dll
0x00007ffe88c10000 - 0x00007ffe88c38000 	C:\Program Files\Java\jdk-11.0.8\bin\java.dll
0x00007ffe93510000 - 0x00007ffe9351a000 	C:\Program Files\Java\jdk-11.0.8\bin\jimage.dll
0x00007ffe90780000 - 0x00007ffe90796000 	C:\Program Files\Java\jdk-11.0.8\bin\zip.dll
0x00007ffe99b00000 - 0x00007ffe9a240000 	C:\WINDOWS\System32\SHELL32.dll
0x00007ffe96710000 - 0x00007ffe96ea1000 	C:\WINDOWS\SYSTEM32\windows.storage.dll
0x00007ffe9aeb0000 - 0x00007ffe9b203000 	C:\WINDOWS\System32\combase.dll
0x00007ffe98420000 - 0x00007ffe9844c000 	C:\WINDOWS\SYSTEM32\Wldp.dll
0x00007ffe996c0000 - 0x00007ffe9976e000 	C:\WINDOWS\System32\SHCORE.dll
0x00007ffe992c0000 - 0x00007ffe99315000 	C:\WINDOWS\System32\shlwapi.dll
0x00007ffe988e0000 - 0x00007ffe988ff000 	C:\WINDOWS\SYSTEM32\profapi.dll
0x00007ffe8f970000 - 0x00007ffe8f989000 	C:\Program Files\Java\jdk-11.0.8\bin\net.dll
0x00007ffe8aa70000 - 0x00007ffe8ab70000 	C:\WINDOWS\SYSTEM32\WINHTTP.dll
0x00007ffe981a0000 - 0x00007ffe9820a000 	C:\WINDOWS\system32\mswsock.dll
0x00007ffe8aec0000 - 0x00007ffe8aed2000 	C:\Program Files\Java\jdk-11.0.8\bin\nio.dll
0x00007ffe90d60000 - 0x00007ffe90d69000 	C:\Program Files\Java\jdk-11.0.8\bin\management.dll
0x00007ffe90cf0000 - 0x00007ffe90cfb000 	C:\Program Files\Java\jdk-11.0.8\bin\management_ext.dll
0x00007ffe808b0000 - 0x00007ffe808c7000 	C:\WINDOWS\system32\napinsp.dll
0x00007ffe80890000 - 0x00007ffe808ab000 	C:\WINDOWS\system32\pnrpnsp.dll
0x00007ffe93390000 - 0x00007ffe933a5000 	C:\WINDOWS\system32\wshbth.dll
0x00007ffe91410000 - 0x00007ffe9142d000 	C:\WINDOWS\system32\NLAapi.dll
0x00007ffe97e40000 - 0x00007ffe97e7b000 	C:\WINDOWS\SYSTEM32\IPHLPAPI.DLL
0x00007ffe97e90000 - 0x00007ffe97f5a000 	C:\WINDOWS\SYSTEM32\DNSAPI.dll
0x00007ffe9ad70000 - 0x00007ffe9ad79000 	C:\WINDOWS\System32\NSI.dll
0x00007ffe80870000 - 0x00007ffe80882000 	C:\WINDOWS\System32\winrnr.dll
0x00007ffe90fc0000 - 0x00007ffe90fca000 	C:\Windows\System32\rasadhlp.dll
0x00007ffe8a090000 - 0x00007ffe8a10f000 	C:\WINDOWS\System32\fwpuclnt.dll
0x00007ffe98b20000 - 0x00007ffe98b47000 	C:\WINDOWS\System32\bcrypt.dll

dbghelp: loaded successfully - version: 4.0.5 - missing functions: none
symbol engine: initialized successfully - sym options: 0x614 - pdb path: .;C:\Program Files\Java\jdk-11.0.8\bin;C:\WINDOWS\SYSTEM32;C:\WINDOWS\WinSxS\amd64_microsoft.windows.common-controls_6595b64144ccf1df_6.0.19041.1_none_b555e41d4684ddec;C:\Program Files\Java\jdk-11.0.8\bin\server

VM Arguments:
jvm_args: -Dfile.encoding=x-windows-949 -Duser.country=KR -Duser.language=ko -Duser.variant 
java_command: com.euntaek.spring_board.SpringBoardApplication
java_class_path (initial): C:\Users\user\Intellij_Project\spring_board\build\classes\java\main;C:\Users\user\Intellij_Project\spring_board\build\resources\main;C:\Users\user\.gradle\caches\modules-2\files-2.1\org.springframework.boot\spring-boot-starter-thymeleaf\2.3.3.RELEASE\321e16bb9dfcca9e22b0e66b4b3df2c3696e2e34\spring-boot-starter-thymeleaf-2.3.3.RELEASE.jar;C:\Users\user\.gradle\caches\modules-2\files-2.1\org.springframework.boot\spring-boot-starter-web\2.3.3.RELEASE\d38db3c19ba4bc114aaa4febfc1d89cd8725822d\spring-boot-starter-web-2.3.3.RELEASE.jar;C:\Users\user\.gradle\caches\modules-2\files-2.1\org.mybatis.spring.boot\mybatis-spring-boot-starter\2.1.0\d1a1b96573ade19ce0cd536e15565d216b05ff83\mybatis-spring-boot-starter-2.1.0.jar;C:\Users\user\.gradle\caches\modules-2\files-2.1\org.springframework.boot\spring-boot-starter-data-jpa\2.3.3.RELEASE\b71e2ec26c835ff528b7e845f875f8953ae56c66\spring-boot-starter-data-jpa-2.3.3.RELEASE.jar;C:\Users\user\.gradle\caches\modules-2\files-2.1\org.springframework.boot\spring-boot-starter-jdbc\2.3.3.RELEASE\2ccdb545544ba6a170496daf3c56fc5edae43a7b\spring-boot-starter-jdbc-2.3.3.RELEASE.jar;C:\Users\user\.gradle\caches\modules-2\files-2.1\mysql\mysql-connector-java\8.0.21\53fd3a0887667aae7e40a3439fff2d03d93ec4c2\mysql-connector-java-8.0.21.jar;C:\Users\user\.gradle\caches\modules-2\files-2.1\org.springframework.boot\spring-boot-starter-json\2.3.3.RELEASE\8c40b22a0635989ecc58f35d82fd55445be8822f\spring-boot-starter-json-2.3.3.RELEASE.jar;C:\Users\user\.gradle\caches\modules-2\files-2.1\org.springframework.boot\spring-boot-starter-aop\2.3.3.RELEASE\8d68fee9baba6e42f1ff6954365edeab83355f40\spring-boot-starter-aop-2.3.3.RELEASE.jar;C:\Users\user\.gradle\caches\modules-2\files-2.1\org.springframework.boot\spring-boot-starter\2.3.3.RELEASE\c9bb3464e83990465b86fb94da3d20f92f036d1e\spring-boot-starter-2.3.3.RELEASE.jar;C:\Users\user\.gradle\caches\modules-2\files-2.1\org.thymeleaf\thymeleaf-spring5\3.0.11.RELEASE\de7bf0adf13b5e9c4
Launcher Type: SUN_STANDARD

[Global flags]
     intx CICompilerCount                          = 3                                         {product} {ergonomic}
     uint ConcGCThreads                            = 1                                         {product} {ergonomic}
     uint G1ConcRefinementThreads                  = 4                                         {product} {ergonomic}
   size_t G1HeapRegionSize                         = 1048576                                   {product} {ergonomic}
    uintx GCDrainStackTargetSize                   = 64                                        {product} {ergonomic}
   size_t InitialHeapSize                          = 134217728                                 {product} {ergonomic}
   size_t MarkStackSize                            = 4194304                                   {product} {ergonomic}
   size_t MaxHeapSize                              = 2126512128                                {product} {ergonomic}
   size_t MaxNewSize                               = 1275068416                                {product} {ergonomic}
   size_t MinHeapDeltaBytes                        = 1048576                                   {product} {ergonomic}
    uintx NonNMethodCodeHeapSize                   = 5830732                                {pd product} {ergonomic}
    uintx NonProfiledCodeHeapSize                  = 122913754                              {pd product} {ergonomic}
    uintx ProfiledCodeHeapSize                     = 122913754                              {pd product} {ergonomic}
    uintx ReservedCodeCacheSize                    = 251658240                              {pd product} {ergonomic}
     bool SegmentedCodeCache                       = true                                      {product} {ergonomic}
     bool UseCompressedClassPointers               = true                                 {lp64_product} {ergonomic}
     bool UseCompressedOops                        = true                                 {lp64_product} {ergonomic}
     bool UseG1GC                                  = true                                      {product} {ergonomic}
     bool UseLargePagesIndividualAllocation        = false                                  {pd product} {ergonomic}

Logging:
Log output configuration:
 #0: stdout all=warning uptime,level,tags
 #1: stderr all=off uptime,level,tags

Environment Variables:
JAVA_HOME=C:\Program Files\Java\jdk1.8.0_144
PATH=C:\Program Files\Common Files\Oracle\Java\javapath;C:\Program Files (x86)\NAT Service;C:\oraclexe\app\oracle\product\11.2.0\server\bin;C:\ProgramData\Oracle\Java\javapath;C:\Program Files (x86)\Intel\iCLS Client\;C:\Program Files\Intel\iCLS Client\;C:\WINDOWS\system32;C:\WINDOWS;C:\WINDOWS\System32\Wbem;C:\WINDOWS\System32\WindowsPowerShell\v1.0\;C:\Program Files (x86)\Intel\Intel(R) Management Engine Components\DAL;C:\Program Files\Intel\Intel(R) Management Engine Components\DAL;C:\Program Files (x86)\Intel\Intel(R) Management Engine Components\IPT;C:\Program Files\Intel\Intel(R) Management Engine Components\IPT;C:\Program Files\Java\jdk1.8.0_144\bin;C:\WINDOWS\System32\OpenSSH\;C:\Program Files\Intel\WiFi\bin\;C:\Program Files\Common Files\Intel\WirelessCommon\;C:\python37;C:\python37\Scripts;"C:\Program Files\Java\jdk1.8.0_144\jre\lib;";C:\Program Files\Git\cmd;C:\Users\user\AppData\Local\Programs\Python\Python38-32\Scripts\;C:\Users\user\AppData\Local\Programs\Python\Python38-32\;C:\Program Files\MySQL\MySQL Shell 8.0\bin\;C:\Program Files\Bandizip\;C:\Users\user\AppData\Local\GitHubDesktop\bin;C:\Program Files\JetBrains\IntelliJ IDEA Community Edition 2020.2\bin;;C:\Users\user\AppData\Local\Microsoft\WindowsApps;
USERNAME=user
OS=Windows_NT
PROCESSOR_IDENTIFIER=Intel64 Family 6 Model 142 Stepping 9, GenuineIntel



---------------  S Y S T E M  ---------------

OS: Windows 10 , 64 bit Build 19041 (10.0.19041.292)

CPU:total 4 (initial active 4) (2 cores per cpu, 2 threads per core) family 6 model 142 stepping 9, cmov, cx8, fxsr, mmx, sse, sse2, sse3, ssse3, sse4.1, sse4.2, popcnt, avx, avx2, aes, clmul, erms, 3dnowpref, lzcnt, ht, tsc, tscinvbit, bmi1, bmi2, adx, fma

Memory: 4k page, system-wide physical 8105M (985M free)
TotalPageFile size 8105M (AvailPageFile size 5M)
current process WorkingSet (physical memory assigned to process): 80M, peak: 81M
current process commit charge ("private bytes"): 219M, peak: 220M

vm_info: Java HotSpot(TM) 64-Bit Server VM (11.0.8+10-LTS) for windows-amd64 JRE (11.0.8+10-LTS), built on Jun 16 2020 05:53:08 by "mach5one" with unknown MS VC++:1916

END.
